<?xml version="1.0" encoding="UTF-8" ?>
<testsuite errors="0" failures="0" hostname="Aspire_Linux" name="it.musicrizz.gameoflife.test.modello.TestModelloAnalizzaMondo" skipped="0" tests="1" time="0.418" timestamp="2017-05-27T16:48:21">
  <properties>
    <property name="java.vendor" value="Oracle Corporation" />
    <property name="lib.dir" value="./lib" />
    <property name="netbeans.user" value="/home/musicrizz/.netbeans/8.1" />
    <property name="sun.java.launcher" value="SUN_STANDARD" />
    <property name="sun.management.compiler" value="HotSpot 64-Bit Tiered Compilers" />
    <property name="netbeans.autoupdate.version" value="1.23" />
    <property name="test.data.dir" value="/media/musicrizz/Dati_Vari/sourceCode/gameOfLife/GameOfLife-Ping_Framework-Unibas/gameOfLife/GameOfLife/test/data" />
    <property name="build.sysclasspath" value="ignore" />
    <property name="os.name" value="Linux" />
    <property name="sun.boot.class.path" value="/usr/lib/jvm/jdk1.8.0_92/jre/lib/resources.jar:/usr/lib/jvm/jdk1.8.0_92/jre/lib/rt.jar:/usr/lib/jvm/jdk1.8.0_92/jre/lib/sunrsasign.jar:/usr/lib/jvm/jdk1.8.0_92/jre/lib/jsse.jar:/usr/lib/jvm/jdk1.8.0_92/jre/lib/jce.jar:/usr/lib/jvm/jdk1.8.0_92/jre/lib/charsets.jar:/usr/lib/jvm/jdk1.8.0_92/jre/lib/jfr.jar:/usr/lib/jvm/jdk1.8.0_92/jre/classes" />
    <property name="netbeans.importclass" value="org.netbeans.upgrade.AutoUpgrade" />
    <property name="java.vm.specification.vendor" value="Oracle Corporation" />
    <property name="ant.home" value="/usr/local/netbeans-8.1/extide/ant" />
    <property name="java.runtime.version" value="1.8.0_92-b14" />
    <property name="test.build.dir" value="/media/musicrizz/Dati_Vari/sourceCode/gameOfLife/GameOfLife-Ping_Framework-Unibas/gameOfLife/GameOfLife/build/test/classes" />
    <property name="netbeans.default_userdir_root" value="/home/musicrizz/.netbeans" />
    <property name="netbeans.accept_license_class" value="org.netbeans.license.AcceptLicense" />
    <property name="user.name" value="musicrizz" />
    <property name="build.dir" value="/media/musicrizz/Dati_Vari/sourceCode/gameOfLife/GameOfLife-Ping_Framework-Unibas/gameOfLife/GameOfLife/build/classes" />
    <property name="nb.show.statistics.ui" value="usageStatisticsEnabled" />
    <property name="utilita.src.dir" value="/media/musicrizz/Dati_Vari/sourceCode/gameOfLife/GameOfLife-Ping_Framework-Unibas/gameOfLife/util/src" />
    <property name="user.language" value="it" />
    <property name="test.report.dir" value="/media/musicrizz/Dati_Vari/sourceCode/gameOfLife/GameOfLife-Ping_Framework-Unibas/gameOfLife/GameOfLife/build/test/report" />
    <property name="sun.boot.library.path" value="/usr/lib/jvm/jdk1.8.0_92/jre/lib/amd64" />
    <property name="ant.file.swing-ping-template-build" value="/media/musicrizz/Dati_Vari/sourceCode/gameOfLife/GameOfLife-Ping_Framework-Unibas/gameOfLife/swing-ping-template-build.xml" />
    <property name="nb.native.filechooser" value="false" />
    <property name="ant.project.default-target" value="build" />
    <property name="utilita.javadoc.dir" value="/media/musicrizz/Dati_Vari/sourceCode/gameOfLife/GameOfLife-Ping_Framework-Unibas/gameOfLife/util/dist/javadoc" />
    <property name="ant.project.name" value="gameoflife" />
    <property name="java.version" value="1.8.0_92" />
    <property name="sun.java2d.dpiaware" value="true" />
    <property name="user.timezone" value="" />
    <property name="resources.dir" value="/media/musicrizz/Dati_Vari/sourceCode/gameOfLife/GameOfLife-Ping_Framework-Unibas/gameOfLife/GameOfLife/var/res" />
    <property name="sun.arch.data.model" value="64" />
    <property name="test.data.dir.present" value="true" />
    <property name="test.src.dir" value="/media/musicrizz/Dati_Vari/sourceCode/gameOfLife/GameOfLife-Ping_Framework-Unibas/gameOfLife/GameOfLife/test" />
    <property name="http.nonProxyHosts" value="localhost|127.0.0.1|Aspire_Linux" />
    <property name="java.endorsed.dirs" value="/usr/lib/jvm/jdk1.8.0_92/jre/lib/endorsed" />
    <property name="sun.cpu.isalist" value="" />
    <property name="netbeans.productversion" value="NetBeans IDE 8.1 (Build 201510222201)" />
    <property name="sun.jnu.encoding" value="UTF-8" />
    <property name="file.encoding.pkg" value="sun.io" />
    <property name="build.debuglevel" value="lines,vars,source" />
    <property name="file.separator" value="/" />
    <property name="java.specification.name" value="Java Platform API Specification" />
    <property name="java.class.version" value="52.0" />
    <property name="user.country" value="IT" />
    <property name="ant.file.swing-template-build" value="/media/musicrizz/Dati_Vari/sourceCode/gameOfLife/GameOfLife-Ping_Framework-Unibas/gameOfLife/swing-template-build.xml" />
    <property name="java.home" value="/usr/lib/jvm/jdk1.8.0_92/jre" />
    <property name="dist.dir" value="/media/musicrizz/Dati_Vari/sourceCode/gameOfLife/GameOfLife-Ping_Framework-Unibas/gameOfLife/GameOfLife/dist" />
    <property name="netbeans.buildnumber" value="201510222201" />
    <property name="java.vm.info" value="mixed mode" />
    <property name="org.openide.version" value="deprecated" />
    <property name="ant.file" value="/media/musicrizz/Dati_Vari/sourceCode/gameOfLife/GameOfLife-Ping_Framework-Unibas/gameOfLife/GameOfLife/build.xml" />
    <property name="os.version" value="4.4.0-78-generic" />
    <property name="netbeans.hash.code" value="unique=NB_CND_EXTIDE_GFMOD_GROOVY_JAVA_MOB_PHP_TOMCAT_WEBCOMMON_WEBEE0b04e97b6-5302-4f9b-adca-e450a636dc4b_f768830e-9193-4c85-bb76-d06161b958ac" />
    <property name="netbeans.autoupdate.country" value="IT" />
    <property name="sun.font.fontmanager" value="sun.awt.X11FontManager" />
    <property name="https.nonProxyHosts" value="localhost|127.0.0.1|Aspire_Linux" />
    <property name="path.separator" value=":" />
    <property name="java.vm.version" value="25.92-b14" />
    <property name="netbeans.dynamic.classpath" value="/usr/local/netbeans-8.1/platform/core/org-openide-filesystems.jar:/usr/local/netbeans-8.1/platform/core/asm-all-5.0.1.jar:/usr/local/netbeans-8.1/platform/core/core-base.jar:/usr/local/netbeans-8.1/platform/core/core.jar:/usr/local/netbeans-8.1/platform/core/org-netbeans-libs-asm.jar:/usr/local/netbeans-8.1/platform/core/org-openide-filesystems-compat8.jar:/usr/local/netbeans-8.1/platform/core/locale/org-openide-filesystems-compat8_ru.jar:/usr/local/netbeans-8.1/platform/core/locale/org-openide-filesystems_pt_BR.jar:/usr/local/netbeans-8.1/platform/core/locale/core-base_ru.jar:/usr/local/netbeans-8.1/platform/core/locale/core_pt_BR.jar:/usr/local/netbeans-8.1/platform/core/locale/core-base_zh_CN.jar:/usr/local/netbeans-8.1/platform/core/locale/org-netbeans-libs-asm_ja.jar:/usr/local/netbeans-8.1/platform/core/locale/core_zh_CN.jar:/usr/local/netbeans-8.1/platform/core/locale/core_ja.jar:/usr/local/netbeans-8.1/platform/core/locale/org-openide-filesystems-compat8_pt_BR.jar:/usr/local/netbeans-8.1/platform/core/locale/org-openide-filesystems_ru.jar:/usr/local/netbeans-8.1/platform/core/locale/core-base_ja.jar:/usr/local/netbeans-8.1/platform/core/locale/org-openide-filesystems_ja.jar:/usr/local/netbeans-8.1/platform/core/locale/org-openide-filesystems-compat8_ja.jar:/usr/local/netbeans-8.1/platform/core/locale/org-netbeans-libs-asm_zh_CN.jar:/usr/local/netbeans-8.1/platform/core/locale/org-netbeans-libs-asm_pt_BR.jar:/usr/local/netbeans-8.1/platform/core/locale/org-openide-filesystems-compat8_zh_CN.jar:/usr/local/netbeans-8.1/platform/core/locale/core-base_pt_BR.jar:/usr/local/netbeans-8.1/platform/core/locale/core_ru.jar:/usr/local/netbeans-8.1/platform/core/locale/org-netbeans-libs-asm_ru.jar:/usr/local/netbeans-8.1/platform/core/locale/org-openide-filesystems_zh_CN.jar:/usr/local/netbeans-8.1/nb/core/org-netbeans-upgrader.jar:/usr/local/netbeans-8.1/nb/core/locale/org-netbeans-upgrader_zh_CN.jar:/usr/local/netbeans-8.1/nb/core/locale/core_nb_ru.jar:/usr/local/netbeans-8.1/nb/core/locale/org-netbeans-upgrader_ja.jar:/usr/local/netbeans-8.1/nb/core/locale/core_nb_pt_BR.jar:/usr/local/netbeans-8.1/nb/core/locale/core_nb_zh_CN.jar:/usr/local/netbeans-8.1/nb/core/locale/core_nb_ja.jar:/usr/local/netbeans-8.1/nb/core/locale/org-netbeans-upgrader_ru.jar:/usr/local/netbeans-8.1/nb/core/locale/org-netbeans-upgrader_pt_BR.jar:/usr/local/netbeans-8.1/nb/core/locale/core_nb.jar" />
    <property name="jna.boot.library.name" value="jnidispatch-410" />
    <property name="sun.awt.enableExtraMouseButtons" value="true" />
    <property name="ping.version" value="1.1" />
    <property name="java.awt.printerjob" value="sun.print.PSPrinterJob" />
    <property name="ant.junit.enabletestlistenerevents" value="true" />
    <property name="sun.io.unicode.encoding" value="UnicodeLittle" />
    <property name="awt.toolkit" value="sun.awt.X11.XToolkit" />
    <property name="netbeans.autoupdate.variant" value="" />
    <property name="ant.file.type.swing-template-build" value="file" />
    <property name="org.openide.major.version" value="IDE/1" />
    <property name="ant.file.type.swing-ping-template-build" value="file" />
    <property name="main.class" value="it.unibas.ping.framework.Applicazione" />
    <property name="user.home" value="/home/musicrizz" />
    <property name="netbeans.home" value="/usr/local/netbeans-8.1/platform" />
    <property name="java.specification.vendor" value="Oracle Corporation" />
    <property name="apple.laf.useScreenMenuBar" value="true" />
    <property name="org.xml.sax.driver" value="com.sun.org.apache.xerces.internal.jaxp.SAXParserImpl$JAXPSAXParser" />
    <property name="test.dir" value="/media/musicrizz/Dati_Vari/sourceCode/gameOfLife/GameOfLife-Ping_Framework-Unibas/gameOfLife/GameOfLife/build/test" />
    <property name="java.library.path" value="/usr/lib/jvm/jdk1.8.0_92/jre/lib/amd64:/usr/lib/jvm/jdk1.8.0_92/jre/lib/i386::/usr/java/packages/lib/amd64:/usr/lib64:/lib64:/lib:/usr/lib" />
    <property name="java.vendor.url" value="http://java.oracle.com/" />
    <property name="java.vm.vendor" value="Oracle Corporation" />
    <property name="build.optimize" value="off" />
    <property name="java.runtime.name" value="Java(TM) SE Runtime Environment" />
    <property name="ant.version" value="Apache Ant(TM) version 1.9.4 compiled on April 29 2014" />
    <property name="java.class.path" value="/media/musicrizz/Dati_Vari/sourceCode/gameOfLife/GameOfLife-Ping_Framework-Unibas/gameOfLife/GameOfLife/build/classes:/media/musicrizz/Dati_Vari/sourceCode/gameOfLife/GameOfLife-Ping_Framework-Unibas/gameOfLife/GameOfLife/lib/ping-1.1.jar:/media/musicrizz/Dati_Vari/sourceCode/gameOfLife/GameOfLife-Ping_Framework-Unibas/gameOfLife/GameOfLife/lib/commons-logging-1.2.jar:/media/musicrizz/Dati_Vari/sourceCode/gameOfLife/GameOfLife-Ping_Framework-Unibas/gameOfLife/GameOfLife/lib/jdom-2.0.5.jar:/media/musicrizz/Dati_Vari/sourceCode/gameOfLife/GameOfLife-Ping_Framework-Unibas/gameOfLife/GameOfLife/lib/log4j-1.2.17.jar:/media/musicrizz/Dati_Vari/sourceCode/gameOfLife/GameOfLife-Ping_Framework-Unibas/gameOfLife/GameOfLife/build/test/classes:/media/musicrizz/Dati_Vari/sourceCode/gameOfLife/GameOfLife-Ping_Framework-Unibas/gameOfLife/GameOfLife/lib/junit.jar:/usr/local/netbeans-8.1/extide/ant/lib/ant-launcher.jar:/usr/local/netbeans-8.1/extide/ant/lib/ant.jar:/usr/local/netbeans-8.1/extide/ant/lib/ant-junit.jar:/usr/local/netbeans-8.1/extide/ant/lib/ant-junit4.jar" />
    <property name="sun.java.command" value="org.apache.tools.ant.taskdefs.optional.junit.JUnitTestRunner it.musicrizz.gameoflife.test.modello.TestModelloAnalizzaMondo skipNonTests=false filtertrace=true haltOnError=false haltOnFailure=false showoutput=false outputtoformatters=true logfailedtests=true threadid=0 logtestlistenerevents=true formatter=org.apache.tools.ant.taskdefs.optional.junit.PlainJUnitResultFormatter formatter=org.apache.tools.ant.taskdefs.optional.junit.XMLJUnitResultFormatter,/media/musicrizz/Dati_Vari/sourceCode/gameOfLife/GameOfLife-Ping_Framework-Unibas/gameOfLife/GameOfLife/build/test/report/TEST-it.musicrizz.gameoflife.test.modello.TestModelloAnalizzaMondo.xml crashfile=/media/musicrizz/Dati_Vari/sourceCode/gameOfLife/GameOfLife-Ping_Framework-Unibas/gameOfLife/GameOfLife/junitvmwatcher9039263297684818769.properties propsfile=/media/musicrizz/Dati_Vari/sourceCode/gameOfLife/GameOfLife-Ping_Framework-Unibas/gameOfLife/GameOfLife/junit7161904856935442277.properties" />
    <property name="sun.java2d.noddraw" value="true" />
    <property name="java.vm.specification.name" value="Java Virtual Machine Specification" />
    <property name="jdk.home" value="/usr/lib/jvm/jdk1.8.0_92" />
    <property name="org.openide.specification.version" value="6.2" />
    <property name="java.vm.specification.version" value="1.8" />
    <property name="sun.os.patch.level" value="unknown" />
    <property name="sun.cpu.endian" value="little" />
    <property name="build.debug" value="on" />
    <property name="java.io.tmpdir" value="/tmp" />
    <property name="java.vendor.url.bug" value="http://bugreport.sun.com/bugreport/" />
    <property name="ant.file.gameoflife" value="/media/musicrizz/Dati_Vari/sourceCode/gameOfLife/GameOfLife-Ping_Framework-Unibas/gameOfLife/GameOfLife/build.xml" />
    <property name="netbeans.dirs" value="/usr/local/netbeans-8.1/nb:/usr/local/netbeans-8.1/ergonomics:/usr/local/netbeans-8.1/ide:/usr/local/netbeans-8.1/extide:/usr/local/netbeans-8.1/java:/usr/local/netbeans-8.1/apisupport:/usr/local/netbeans-8.1/webcommon:/usr/local/netbeans-8.1/websvccommon:/usr/local/netbeans-8.1/enterprise:/usr/local/netbeans-8.1/mobility:/usr/local/netbeans-8.1/profiler:/usr/local/netbeans-8.1/python:/usr/local/netbeans-8.1/php:/usr/local/netbeans-8.1/identity:/usr/local/netbeans-8.1/harness:/usr/local/netbeans-8.1/cnd:/usr/local/netbeans-8.1/cndext:/usr/local/netbeans-8.1/dlight:/usr/local/netbeans-8.1/groovy:/usr/local/netbeans-8.1/extra:/usr/local/netbeans-8.1/javacard:/usr/local/netbeans-8.1/javafx:" />
    <property name="conf.dir" value="/media/musicrizz/Dati_Vari/sourceCode/gameOfLife/GameOfLife-Ping_Framework-Unibas/gameOfLife/GameOfLife/src/conf" />
    <property name="netbeans.autoupdate.language" value="it" />
    <property name="jna.platform.library.path" value="/usr/lib/x86_64-linux-gnu:/lib/x86_64-linux-gnu:/lib64:/usr/lib:/lib" />
    <property name="os.arch" value="amd64" />
    <property name="java.awt.graphicsenv" value="sun.awt.X11GraphicsEnvironment" />
    <property name="ant.file.type.gameoflife" value="file" />
    <property name="java.util.logging.config.class" value="org.netbeans.core.startup.TopLogging" />
    <property name="java.ext.dirs" value="/usr/lib/jvm/jdk1.8.0_92/jre/lib/ext:/usr/java/packages/lib/ext" />
    <property name="user.dir" value="/home/musicrizz" />
    <property name="build.compiler.emacs" value="true" />
    <property name="misc.dir" value="/media/musicrizz/Dati_Vari/sourceCode/gameOfLife/GameOfLife-Ping_Framework-Unibas/gameOfLife/GameOfLife/var" />
    <property name="resources.dir.present" value="true" />
    <property name="apple.awt.graphics.UseQuartz" value="true" />
    <property name="line.separator" value="&#xa;" />
    <property name="java.vm.name" value="Java HotSpot(TM) 64-Bit Server VM" />
    <property name="basedir" value="/media/musicrizz/Dati_Vari/sourceCode/gameOfLife/GameOfLife-Ping_Framework-Unibas/gameOfLife/GameOfLife" />
    <property name="utilita.build.dir" value="/media/musicrizz/Dati_Vari/sourceCode/gameOfLife/GameOfLife-Ping_Framework-Unibas/gameOfLife/util/build/classes" />
    <property name="sun.awt.datatransfer.timeout" value="1000" />
    <property name="ant.java.version" value="1.8" />
    <property name="ant.core.lib" value="/usr/local/netbeans-8.1/extide/ant/lib/ant.jar" />
    <property name="file.encoding" value="UTF-8" />
    <property name="conf.dir.present" value="true" />
    <property name="java.specification.version" value="1.8" />
    <property name="src.dir" value="/media/musicrizz/Dati_Vari/sourceCode/gameOfLife/GameOfLife-Ping_Framework-Unibas/gameOfLife/GameOfLife/src" />
    <property name="ant.project.invoked-targets" value="clean,build" />
    <property name="javadoc.dir" value="/media/musicrizz/Dati_Vari/sourceCode/gameOfLife/GameOfLife-Ping_Framework-Unibas/gameOfLife/GameOfLife/dist/javadoc" />
  </properties>
  <testcase classname="it.musicrizz.gameoflife.test.modello.TestModelloAnalizzaMondo" name="testGlinder" time="0.253" />
  <system-out><![CDATA[ANALIZZA MONDO Generazione 0
ANALIZZA MONDO Generazione 1
ANALIZZA MONDO Generazione 2
ANALIZZA MONDO Generazione 3
]]></system-out>
  <system-err><![CDATA[]]></system-err>
</testsuite>
